File /Users/a123/PycharmProjects/medicineProj/.venv/lib/python3.9/site-packages/django/contrib/messages/storage/session.py first seen with mtime 1747575813.7420397
File /Users/a123/PycharmProjects/medicineProj/.venv/lib/python3.9/site-packages/django/contrib/messages/storage/fallback.py first seen with mtime 1747575813.7415972
File /Users/a123/PycharmProjects/medicineProj/.venv/lib/python3.9/site-packages/django/contrib/sessions/serializers.py first seen with mtime 1747575814.0215688
File /Users/a123/PycharmProjects/medicineProj/.venv/lib/python3.9/site-packages/django/contrib/messages/storage/cookie.py first seen with mtime 1747575813.7410927
(0.122) SELECT "django_session"."session_key", "django_session"."session_data", "django_session"."expire_date" FROM "django_session" WHERE ("django_session"."expire_date" > '2025-05-19 18:01:17.554558+00:00'::timestamptz AND "django_session"."session_key" = 'bjb61gvimmke57w094r6lgoxvttjbnnf') LIMIT 21; args=(datetime.datetime(2025, 5, 19, 18, 1, 17, 554558, tzinfo=datetime.timezone.utc), 'bjb61gvimmke57w094r6lgoxvttjbnnf'); alias=default
(0.005) SELECT "app_user"."id", "app_user"."password", "app_user"."last_login", "app_user"."is_superuser", "app_user"."username", "app_user"."first_name", "app_user"."last_name", "app_user"."email", "app_user"."is_staff", "app_user"."is_active", "app_user"."date_joined", "app_user"."role" FROM "app_user" WHERE "app_user"."id" = 4 LIMIT 21; args=(4,); alias=default
"GET /profile/ HTTP/1.1" 200 2281
File /Users/a123/PycharmProjects/medicineProj/.venv/lib/python3.9/site-packages/django/contrib/auth/context_processors.py first seen with mtime 1747575812.8763442
File /Users/a123/PycharmProjects/medicineProj/.venv/lib/python3.9/site-packages/django/template/context_processors.py first seen with mtime 1747575814.5564573
File /Users/a123/PycharmProjects/medicineProj/.venv/lib/python3.9/site-packages/django/contrib/messages/context_processors.py first seen with mtime 1747575813.7356803
(0.003) SELECT "django_session"."session_key", "django_session"."session_data", "django_session"."expire_date" FROM "django_session" WHERE ("django_session"."expire_date" > '2025-05-19 18:01:22.173330+00:00'::timestamptz AND "django_session"."session_key" = 'bjb61gvimmke57w094r6lgoxvttjbnnf') LIMIT 21; args=(datetime.datetime(2025, 5, 19, 18, 1, 22, 173330, tzinfo=datetime.timezone.utc), 'bjb61gvimmke57w094r6lgoxvttjbnnf'); alias=default
(0.002) SELECT "app_user"."id", "app_user"."password", "app_user"."last_login", "app_user"."is_superuser", "app_user"."username", "app_user"."first_name", "app_user"."last_name", "app_user"."email", "app_user"."is_staff", "app_user"."is_active", "app_user"."date_joined", "app_user"."role" FROM "app_user" WHERE "app_user"."id" = 4 LIMIT 21; args=(4,); alias=default
(0.009) SELECT 1 AS "a" FROM "app_user" WHERE ("app_user"."username" = '12312000' AND NOT ("app_user"."id" = 4)) LIMIT 1; args=(Int4(1), '12312000', 4); alias=default
"POST /profile/ HTTP/1.1" 302 0
(0.004) SELECT "django_session"."session_key", "django_session"."session_data", "django_session"."expire_date" FROM "django_session" WHERE ("django_session"."expire_date" > '2025-05-19 18:01:22.337239+00:00'::timestamptz AND "django_session"."session_key" = 'bjb61gvimmke57w094r6lgoxvttjbnnf') LIMIT 21; args=(datetime.datetime(2025, 5, 19, 18, 1, 22, 337239, tzinfo=datetime.timezone.utc), 'bjb61gvimmke57w094r6lgoxvttjbnnf'); alias=default
(0.001) SELECT "app_user"."id", "app_user"."password", "app_user"."last_login", "app_user"."is_superuser", "app_user"."username", "app_user"."first_name", "app_user"."last_name", "app_user"."email", "app_user"."is_staff", "app_user"."is_active", "app_user"."date_joined", "app_user"."role" FROM "app_user" WHERE "app_user"."id" = 4 LIMIT 21; args=(4,); alias=default
"GET /profile/ HTTP/1.1" 200 2281
File /Users/a123/PycharmProjects/medicineProj/settings/settings.py previous mtime: 1747676222.7611017, current mtime: 1747677919.0317419
/Users/a123/PycharmProjects/medicineProj/settings/settings.py notified as changed. Signal results: [(<function template_changed at 0x1032575e0>, None), (<function translation_file_changed at 0x10424c670>, None)].
/Users/a123/PycharmProjects/medicineProj/settings/settings.py changed, reloading.
